CRITICAL - 2025-07-03 09:40:43 --> CodeIgniter\Session\Exceptions\SessionException: Session: Configured save path "C:\xampp\htdocs\tokogilang\writable\session" is not writable by the PHP process.
[Method: GET, Route: /]
in SYSTEMPATH\Session\Handlers\FileHandler.php on line 103.
 1 SYSTEMPATH\Session\Handlers\FileHandler.php(103): CodeIgniter\Session\Exceptions\SessionException::forWriteProtectedSavePath('C:\\xampp\\htdocs\\tokogilang\\writable\\session')
 2 [internal function]: CodeIgniter\Session\Handlers\FileHandler->open('C:\\xampp\\htdocs\\tokogilang\\writable\\session', 'ci_session')
 3 SYSTEMPATH\Session\Session.php(912): session_start()
 4 SYSTEMPATH\Session\Session.php(243): CodeIgniter\Session\Session->startSession()
 5 SYSTEMPATH\Config\Services.php(710): CodeIgniter\Session\Session->start()
 6 SYSTEMPATH\Config\BaseService.php(312): CodeIgniter\Config\Services::session(Object(Config\Session), false)
 7 SYSTEMPATH\Config\BaseService.php(251): CodeIgniter\Config\BaseService::__callStatic('session', [...])
 8 SYSTEMPATH\Config\Services.php(668): CodeIgniter\Config\BaseService::getSharedInstance('session', null)
 9 SYSTEMPATH\Config\BaseService.php(321): CodeIgniter\Config\Services::session()
10 SYSTEMPATH\Config\BaseService.php(202): CodeIgniter\Config\BaseService::__callStatic('session', [])
11 SYSTEMPATH\Common.php(1000): CodeIgniter\Config\BaseService::get('session')
12 SYSTEMPATH\Common.php(973): service('session')
13 APPPATH\Views\auth\Login.php(14): session()
14 SYSTEMPATH\View\View.php(224): include('C:\\xampp\\htdocs\\tokogilang\\app\\Views\\auth\\Login.php')
15 SYSTEMPATH\View\View.php(227): CodeIgniter\View\View->CodeIgniter\View\{closure}()
16 SYSTEMPATH\Common.php(1173): CodeIgniter\View\View->render('auth/login', [], true)
17 APPPATH\Controllers\Auth.php(10): view('auth/login')
18 SYSTEMPATH\CodeIgniter.php(933): App\Controllers\Auth->login()
19 SYSTEMPATH\CodeIgniter.php(507): CodeIgniter\CodeIgniter->runController(Object(App\Controllers\Auth))
20 SYSTEMPATH\CodeIgniter.php(354): CodeIgniter\CodeIgniter->handleRequest(null, Object(Config\Cache), false)
21 SYSTEMPATH\Boot.php(334): CodeIgniter\CodeIgniter->run()
22 SYSTEMPATH\Boot.php(67): CodeIgniter\Boot::runCodeIgniter(Object(CodeIgniter\CodeIgniter))
23 FCPATH\index.php(59): CodeIgniter\Boot::bootWeb(Object(Config\Paths))
CRITICAL - 2025-07-03 09:40:48 --> CodeIgniter\Session\Exceptions\SessionException: Session: Configured save path "C:\xampp\htdocs\tokogilang\writable\session" is not writable by the PHP process.
[Method: GET, Route: /]
in SYSTEMPATH\Session\Handlers\FileHandler.php on line 103.
 1 SYSTEMPATH\Session\Handlers\FileHandler.php(103): CodeIgniter\Session\Exceptions\SessionException::forWriteProtectedSavePath('C:\\xampp\\htdocs\\tokogilang\\writable\\session')
 2 [internal function]: CodeIgniter\Session\Handlers\FileHandler->open('C:\\xampp\\htdocs\\tokogilang\\writable\\session', 'ci_session')
 3 SYSTEMPATH\Session\Session.php(912): session_start()
 4 SYSTEMPATH\Session\Session.php(243): CodeIgniter\Session\Session->startSession()
 5 SYSTEMPATH\Config\Services.php(710): CodeIgniter\Session\Session->start()
 6 SYSTEMPATH\Config\BaseService.php(312): CodeIgniter\Config\Services::session(Object(Config\Session), false)
 7 SYSTEMPATH\Config\BaseService.php(251): CodeIgniter\Config\BaseService::__callStatic('session', [...])
 8 SYSTEMPATH\Config\Services.php(668): CodeIgniter\Config\BaseService::getSharedInstance('session', null)
 9 SYSTEMPATH\Config\BaseService.php(321): CodeIgniter\Config\Services::session()
10 SYSTEMPATH\Config\BaseService.php(202): CodeIgniter\Config\BaseService::__callStatic('session', [])
11 SYSTEMPATH\Common.php(1000): CodeIgniter\Config\BaseService::get('session')
12 SYSTEMPATH\Common.php(973): service('session')
13 APPPATH\Views\auth\Login.php(14): session()
14 SYSTEMPATH\View\View.php(224): include('C:\\xampp\\htdocs\\tokogilang\\app\\Views\\auth\\Login.php')
15 SYSTEMPATH\View\View.php(227): CodeIgniter\View\View->CodeIgniter\View\{closure}()
16 SYSTEMPATH\Common.php(1173): CodeIgniter\View\View->render('auth/login', [], true)
17 APPPATH\Controllers\Auth.php(10): view('auth/login')
18 SYSTEMPATH\CodeIgniter.php(933): App\Controllers\Auth->login()
19 SYSTEMPATH\CodeIgniter.php(507): CodeIgniter\CodeIgniter->runController(Object(App\Controllers\Auth))
20 SYSTEMPATH\CodeIgniter.php(354): CodeIgniter\CodeIgniter->handleRequest(null, Object(Config\Cache), false)
21 SYSTEMPATH\Boot.php(334): CodeIgniter\CodeIgniter->run()
22 SYSTEMPATH\Boot.php(67): CodeIgniter\Boot::runCodeIgniter(Object(CodeIgniter\CodeIgniter))
23 FCPATH\index.php(59): CodeIgniter\Boot::bootWeb(Object(Config\Paths))
CRITICAL - 2025-07-03 09:43:29 --> CodeIgniter\Session\Exceptions\SessionException: Session: Configured save path "C:\xampp\htdocs\tokogilang\writable\session" is not writable by the PHP process.
[Method: GET, Route: /]
in SYSTEMPATH\Session\Handlers\FileHandler.php on line 103.
 1 SYSTEMPATH\Session\Handlers\FileHandler.php(103): CodeIgniter\Session\Exceptions\SessionException::forWriteProtectedSavePath('C:\\xampp\\htdocs\\tokogilang\\writable\\session')
 2 [internal function]: CodeIgniter\Session\Handlers\FileHandler->open('C:\\xampp\\htdocs\\tokogilang\\writable\\session', 'ci_session')
 3 SYSTEMPATH\Session\Session.php(912): session_start()
 4 SYSTEMPATH\Session\Session.php(243): CodeIgniter\Session\Session->startSession()
 5 SYSTEMPATH\Config\Services.php(710): CodeIgniter\Session\Session->start()
 6 SYSTEMPATH\Config\BaseService.php(312): CodeIgniter\Config\Services::session(Object(Config\Session), false)
 7 SYSTEMPATH\Config\BaseService.php(251): CodeIgniter\Config\BaseService::__callStatic('session', [...])
 8 SYSTEMPATH\Config\Services.php(668): CodeIgniter\Config\BaseService::getSharedInstance('session', null)
 9 SYSTEMPATH\Config\BaseService.php(321): CodeIgniter\Config\Services::session()
10 SYSTEMPATH\Config\BaseService.php(202): CodeIgniter\Config\BaseService::__callStatic('session', [])
11 SYSTEMPATH\Common.php(1000): CodeIgniter\Config\BaseService::get('session')
12 SYSTEMPATH\Common.php(973): service('session')
13 APPPATH\Views\auth\Login.php(14): session()
14 SYSTEMPATH\View\View.php(224): include('C:\\xampp\\htdocs\\tokogilang\\app\\Views\\auth\\Login.php')
15 SYSTEMPATH\View\View.php(227): CodeIgniter\View\View->CodeIgniter\View\{closure}()
16 SYSTEMPATH\Common.php(1173): CodeIgniter\View\View->render('auth/login', [], true)
17 APPPATH\Controllers\Auth.php(10): view('auth/login')
18 SYSTEMPATH\CodeIgniter.php(933): App\Controllers\Auth->login()
19 SYSTEMPATH\CodeIgniter.php(507): CodeIgniter\CodeIgniter->runController(Object(App\Controllers\Auth))
20 SYSTEMPATH\CodeIgniter.php(354): CodeIgniter\CodeIgniter->handleRequest(null, Object(Config\Cache), false)
21 SYSTEMPATH\Boot.php(334): CodeIgniter\CodeIgniter->run()
22 SYSTEMPATH\Boot.php(67): CodeIgniter\Boot::runCodeIgniter(Object(CodeIgniter\CodeIgniter))
23 FCPATH\index.php(59): CodeIgniter\Boot::bootWeb(Object(Config\Paths))
CRITICAL - 2025-07-03 09:44:06 --> CodeIgniter\Session\Exceptions\SessionException: Session: Configured save path "C:\xampp\htdocs\tokogilang\writable\session" is not writable by the PHP process.
[Method: GET, Route: /]
in SYSTEMPATH\Session\Handlers\FileHandler.php on line 103.
 1 SYSTEMPATH\Session\Handlers\FileHandler.php(103): CodeIgniter\Session\Exceptions\SessionException::forWriteProtectedSavePath('C:\\xampp\\htdocs\\tokogilang\\writable\\session')
 2 [internal function]: CodeIgniter\Session\Handlers\FileHandler->open('C:\\xampp\\htdocs\\tokogilang\\writable\\session', 'ci_session')
 3 SYSTEMPATH\Session\Session.php(912): session_start()
 4 SYSTEMPATH\Session\Session.php(243): CodeIgniter\Session\Session->startSession()
 5 SYSTEMPATH\Config\Services.php(710): CodeIgniter\Session\Session->start()
 6 SYSTEMPATH\Config\BaseService.php(312): CodeIgniter\Config\Services::session(Object(Config\Session), false)
 7 SYSTEMPATH\Config\BaseService.php(251): CodeIgniter\Config\BaseService::__callStatic('session', [...])
 8 SYSTEMPATH\Config\Services.php(668): CodeIgniter\Config\BaseService::getSharedInstance('session', null)
 9 SYSTEMPATH\Config\BaseService.php(321): CodeIgniter\Config\Services::session()
10 SYSTEMPATH\Config\BaseService.php(202): CodeIgniter\Config\BaseService::__callStatic('session', [])
11 SYSTEMPATH\Common.php(1000): CodeIgniter\Config\BaseService::get('session')
12 SYSTEMPATH\Common.php(973): service('session')
13 APPPATH\Views\auth\Login.php(14): session()
14 SYSTEMPATH\View\View.php(224): include('C:\\xampp\\htdocs\\tokogilang\\app\\Views\\auth\\Login.php')
15 SYSTEMPATH\View\View.php(227): CodeIgniter\View\View->CodeIgniter\View\{closure}()
16 SYSTEMPATH\Common.php(1173): CodeIgniter\View\View->render('auth/login', [], true)
17 APPPATH\Controllers\Auth.php(10): view('auth/login')
18 SYSTEMPATH\CodeIgniter.php(933): App\Controllers\Auth->login()
19 SYSTEMPATH\CodeIgniter.php(507): CodeIgniter\CodeIgniter->runController(Object(App\Controllers\Auth))
20 SYSTEMPATH\CodeIgniter.php(354): CodeIgniter\CodeIgniter->handleRequest(null, Object(Config\Cache), false)
21 SYSTEMPATH\Boot.php(334): CodeIgniter\CodeIgniter->run()
22 SYSTEMPATH\Boot.php(67): CodeIgniter\Boot::runCodeIgniter(Object(CodeIgniter\CodeIgniter))
23 FCPATH\index.php(59): CodeIgniter\Boot::bootWeb(Object(Config\Paths))
CRITICAL - 2025-07-03 09:46:10 --> CodeIgniter\Session\Exceptions\SessionException: Session: Configured save path "C:\xampp\htdocs\tokogilang\writable\session" is not writable by the PHP process.
[Method: GET, Route: /]
in SYSTEMPATH\Session\Handlers\FileHandler.php on line 103.
 1 SYSTEMPATH\Session\Handlers\FileHandler.php(103): CodeIgniter\Session\Exceptions\SessionException::forWriteProtectedSavePath('C:\\xampp\\htdocs\\tokogilang\\writable\\session')
 2 [internal function]: CodeIgniter\Session\Handlers\FileHandler->open('C:\\xampp\\htdocs\\tokogilang\\writable\\session', 'ci_session')
 3 SYSTEMPATH\Session\Session.php(912): session_start()
 4 SYSTEMPATH\Session\Session.php(243): CodeIgniter\Session\Session->startSession()
 5 SYSTEMPATH\Config\Services.php(710): CodeIgniter\Session\Session->start()
 6 SYSTEMPATH\Config\BaseService.php(312): CodeIgniter\Config\Services::session(Object(Config\Session), false)
 7 SYSTEMPATH\Config\BaseService.php(251): CodeIgniter\Config\BaseService::__callStatic('session', [...])
 8 SYSTEMPATH\Config\Services.php(668): CodeIgniter\Config\BaseService::getSharedInstance('session', null)
 9 SYSTEMPATH\Config\BaseService.php(321): CodeIgniter\Config\Services::session()
10 SYSTEMPATH\Config\BaseService.php(202): CodeIgniter\Config\BaseService::__callStatic('session', [])
11 SYSTEMPATH\Common.php(1000): CodeIgniter\Config\BaseService::get('session')
12 SYSTEMPATH\Common.php(973): service('session')
13 APPPATH\Views\auth\Login.php(14): session()
14 SYSTEMPATH\View\View.php(224): include('C:\\xampp\\htdocs\\tokogilang\\app\\Views\\auth\\Login.php')
15 SYSTEMPATH\View\View.php(227): CodeIgniter\View\View->CodeIgniter\View\{closure}()
16 SYSTEMPATH\Common.php(1173): CodeIgniter\View\View->render('auth/login', [], true)
17 APPPATH\Controllers\Auth.php(10): view('auth/login')
18 SYSTEMPATH\CodeIgniter.php(933): App\Controllers\Auth->login()
19 SYSTEMPATH\CodeIgniter.php(507): CodeIgniter\CodeIgniter->runController(Object(App\Controllers\Auth))
20 SYSTEMPATH\CodeIgniter.php(354): CodeIgniter\CodeIgniter->handleRequest(null, Object(Config\Cache), false)
21 SYSTEMPATH\Boot.php(334): CodeIgniter\CodeIgniter->run()
22 SYSTEMPATH\Boot.php(67): CodeIgniter\Boot::runCodeIgniter(Object(CodeIgniter\CodeIgniter))
23 FCPATH\index.php(59): CodeIgniter\Boot::bootWeb(Object(Config\Paths))
CRITICAL - 2025-07-03 09:46:14 --> CodeIgniter\Session\Exceptions\SessionException: Session: Configured save path "C:\xampp\htdocs\tokogilang\writable\session" is not writable by the PHP process.
[Method: GET, Route: /]
in SYSTEMPATH\Session\Handlers\FileHandler.php on line 103.
 1 SYSTEMPATH\Session\Handlers\FileHandler.php(103): CodeIgniter\Session\Exceptions\SessionException::forWriteProtectedSavePath('C:\\xampp\\htdocs\\tokogilang\\writable\\session')
 2 [internal function]: CodeIgniter\Session\Handlers\FileHandler->open('C:\\xampp\\htdocs\\tokogilang\\writable\\session', 'ci_session')
 3 SYSTEMPATH\Session\Session.php(912): session_start()
 4 SYSTEMPATH\Session\Session.php(243): CodeIgniter\Session\Session->startSession()
 5 SYSTEMPATH\Config\Services.php(710): CodeIgniter\Session\Session->start()
 6 SYSTEMPATH\Config\BaseService.php(312): CodeIgniter\Config\Services::session(Object(Config\Session), false)
 7 SYSTEMPATH\Config\BaseService.php(251): CodeIgniter\Config\BaseService::__callStatic('session', [...])
 8 SYSTEMPATH\Config\Services.php(668): CodeIgniter\Config\BaseService::getSharedInstance('session', null)
 9 SYSTEMPATH\Config\BaseService.php(321): CodeIgniter\Config\Services::session()
10 SYSTEMPATH\Config\BaseService.php(202): CodeIgniter\Config\BaseService::__callStatic('session', [])
11 SYSTEMPATH\Common.php(1000): CodeIgniter\Config\BaseService::get('session')
12 SYSTEMPATH\Common.php(973): service('session')
13 APPPATH\Views\auth\Login.php(14): session()
14 SYSTEMPATH\View\View.php(224): include('C:\\xampp\\htdocs\\tokogilang\\app\\Views\\auth\\Login.php')
15 SYSTEMPATH\View\View.php(227): CodeIgniter\View\View->CodeIgniter\View\{closure}()
16 SYSTEMPATH\Common.php(1173): CodeIgniter\View\View->render('auth/login', [], true)
17 APPPATH\Controllers\Auth.php(10): view('auth/login')
18 SYSTEMPATH\CodeIgniter.php(933): App\Controllers\Auth->login()
19 SYSTEMPATH\CodeIgniter.php(507): CodeIgniter\CodeIgniter->runController(Object(App\Controllers\Auth))
20 SYSTEMPATH\CodeIgniter.php(354): CodeIgniter\CodeIgniter->handleRequest(null, Object(Config\Cache), false)
21 SYSTEMPATH\Boot.php(334): CodeIgniter\CodeIgniter->run()
22 SYSTEMPATH\Boot.php(67): CodeIgniter\Boot::runCodeIgniter(Object(CodeIgniter\CodeIgniter))
23 FCPATH\index.php(59): CodeIgniter\Boot::bootWeb(Object(Config\Paths))
CRITICAL - 2025-07-03 09:46:39 --> CodeIgniter\Session\Exceptions\SessionException: Session: Configured save path "C:\xampp\htdocs\tokogilang\writable\session" is not writable by the PHP process.
[Method: GET, Route: /]
in SYSTEMPATH\Session\Handlers\FileHandler.php on line 103.
 1 SYSTEMPATH\Session\Handlers\FileHandler.php(103): CodeIgniter\Session\Exceptions\SessionException::forWriteProtectedSavePath('C:\\xampp\\htdocs\\tokogilang\\writable\\session')
 2 [internal function]: CodeIgniter\Session\Handlers\FileHandler->open('C:\\xampp\\htdocs\\tokogilang\\writable\\session', 'ci_session')
 3 SYSTEMPATH\Session\Session.php(912): session_start()
 4 SYSTEMPATH\Session\Session.php(243): CodeIgniter\Session\Session->startSession()
 5 SYSTEMPATH\Config\Services.php(710): CodeIgniter\Session\Session->start()
 6 SYSTEMPATH\Config\BaseService.php(312): CodeIgniter\Config\Services::session(Object(Config\Session), false)
 7 SYSTEMPATH\Config\BaseService.php(251): CodeIgniter\Config\BaseService::__callStatic('session', [...])
 8 SYSTEMPATH\Config\Services.php(668): CodeIgniter\Config\BaseService::getSharedInstance('session', null)
 9 SYSTEMPATH\Config\BaseService.php(321): CodeIgniter\Config\Services::session()
10 SYSTEMPATH\Config\BaseService.php(202): CodeIgniter\Config\BaseService::__callStatic('session', [])
11 SYSTEMPATH\Common.php(1000): CodeIgniter\Config\BaseService::get('session')
12 SYSTEMPATH\Common.php(973): service('session')
13 APPPATH\Views\auth\Login.php(14): session()
14 SYSTEMPATH\View\View.php(224): include('C:\\xampp\\htdocs\\tokogilang\\app\\Views\\auth\\Login.php')
15 SYSTEMPATH\View\View.php(227): CodeIgniter\View\View->CodeIgniter\View\{closure}()
16 SYSTEMPATH\Common.php(1173): CodeIgniter\View\View->render('auth/login', [], true)
17 APPPATH\Controllers\Auth.php(10): view('auth/login')
18 SYSTEMPATH\CodeIgniter.php(933): App\Controllers\Auth->login()
19 SYSTEMPATH\CodeIgniter.php(507): CodeIgniter\CodeIgniter->runController(Object(App\Controllers\Auth))
20 SYSTEMPATH\CodeIgniter.php(354): CodeIgniter\CodeIgniter->handleRequest(null, Object(Config\Cache), false)
21 SYSTEMPATH\Boot.php(334): CodeIgniter\CodeIgniter->run()
22 SYSTEMPATH\Boot.php(67): CodeIgniter\Boot::runCodeIgniter(Object(CodeIgniter\CodeIgniter))
23 FCPATH\index.php(59): CodeIgniter\Boot::bootWeb(Object(Config\Paths))
